2024-07-11 15:54:53,748 - 14968-MainThread - C:\Users\admin\Desktop\myGithub\Crawler\jd_seckill\jd_spider_requests.py[line:88] - INFO: 校验是否登录[失败]
2024-07-11 15:54:53,748 - 14968-MainThread - C:\Users\admin\Desktop\myGithub\Crawler\jd_seckill\jd_spider_requests.py[line:89] - INFO: 请重新输入cookie
2024-07-11 15:54:54,844 - 14968-MainThread - C:\Users\admin\Desktop\myGithub\Crawler\jd_seckill\jd_spider_requests.py[line:88] - INFO: 校验是否登录[失败]
2024-07-11 15:54:54,844 - 14968-MainThread - C:\Users\admin\Desktop\myGithub\Crawler\jd_seckill\jd_spider_requests.py[line:89] - INFO: 请重新输入cookie
2024-07-11 16:30:37,463 - 21656-MainThread - C:\Users\admin\Desktop\myGithub\Crawler\jd_seckill\jd_spider_requests.py[line:84] - INFO: 校验是否登录[成功]
2024-07-11 16:30:41,881 - 21656-MainThread - C:\Users\admin\Desktop\myGithub\Crawler\jd_seckill\jd_spider_requests.py[line:85] - INFO: 用户:None
2024-07-11 16:30:42,702 - 21656-MainThread - C:\Users\admin\Desktop\myGithub\Crawler\jd_seckill\jd_spider_requests.py[line:100] - INFO: 商品名称:京东(JD.COM)-正品低价、品质保障、配送及时、轻松购物！
2024-07-11 16:30:43,908 - 21656-MainThread - C:\Users\admin\Desktop\myGithub\Crawler\jd_seckill\jd_spider_requests.py[line:100] - INFO: 商品名称:京东(JD.COM)-正品低价、品质保障、配送及时、轻松购物！
2024-07-11 16:30:45,199 - 21656-MainThread - C:\Users\admin\Desktop\myGithub\Crawler\jd_seckill\jd_spider_requests.py[line:100] - INFO: 商品名称:京东(JD.COM)-正品低价、品质保障、配送及时、轻松购物！
2024-07-11 16:30:46,163 - 21656-MainThread - C:\Users\admin\Desktop\myGithub\Crawler\jd_seckill\jd_spider_requests.py[line:100] - INFO: 商品名称:京东(JD.COM)-正品低价、品质保障、配送及时、轻松购物！
2024-07-11 16:30:47,104 - 21656-MainThread - C:\Users\admin\Desktop\myGithub\Crawler\jd_seckill\jd_spider_requests.py[line:100] - INFO: 商品名称:京东(JD.COM)-正品低价、品质保障、配送及时、轻松购物！
2024-07-11 16:30:48,053 - 21656-MainThread - C:\Users\admin\Desktop\myGithub\Crawler\jd_seckill\jd_spider_requests.py[line:100] - INFO: 商品名称:京东(JD.COM)-正品低价、品质保障、配送及时、轻松购物！
2024-07-11 16:30:49,799 - 21656-MainThread - C:\Users\admin\Desktop\myGithub\Crawler\jd_seckill\jd_spider_requests.py[line:100] - INFO: 商品名称:京东(JD.COM)-正品低价、品质保障、配送及时、轻松购物！
2024-07-11 16:30:50,781 - 21656-MainThread - C:\Users\admin\Desktop\myGithub\Crawler\jd_seckill\jd_spider_requests.py[line:100] - INFO: 商品名称:京东(JD.COM)-正品低价、品质保障、配送及时、轻松购物！
2024-07-11 16:30:51,942 - 21656-MainThread - C:\Users\admin\Desktop\myGithub\Crawler\jd_seckill\jd_spider_requests.py[line:100] - INFO: 商品名称:京东(JD.COM)-正品低价、品质保障、配送及时、轻松购物！
2024-07-11 16:30:53,125 - 21656-MainThread - C:\Users\admin\Desktop\myGithub\Crawler\jd_seckill\jd_spider_requests.py[line:100] - INFO: 商品名称:京东(JD.COM)-正品低价、品质保障、配送及时、轻松购物！
2024-07-11 16:30:54,132 - 21656-MainThread - C:\Users\admin\Desktop\myGithub\Crawler\jd_seckill\jd_spider_requests.py[line:100] - INFO: 商品名称:京东(JD.COM)-正品低价、品质保障、配送及时、轻松购物！
2024-07-11 16:31:35,583 - 10172-MainThread - C:\Users\admin\Desktop\myGithub\Crawler\jd_seckill\jd_spider_requests.py[line:84] - INFO: 校验是否登录[成功]
2024-07-11 16:31:36,857 - 10172-MainThread - C:\Users\admin\Desktop\myGithub\Crawler\jd_seckill\jd_spider_requests.py[line:85] - INFO: 用户:None
2024-07-11 16:31:37,492 - 10172-MainThread - C:\Users\admin\Desktop\myGithub\Crawler\jd_seckill\jd_spider_requests.py[line:100] - INFO: 商品名称:京东(JD.COM)-正品低价、品质保障、配送及时、轻松购物！
2024-07-11 16:31:38,363 - 10172-MainThread - C:\Users\admin\Desktop\myGithub\Crawler\jd_seckill\jd_spider_requests.py[line:100] - INFO: 商品名称:京东(JD.COM)-正品低价、品质保障、配送及时、轻松购物！
2024-07-11 16:31:39,199 - 10172-MainThread - C:\Users\admin\Desktop\myGithub\Crawler\jd_seckill\jd_spider_requests.py[line:100] - INFO: 商品名称:京东(JD.COM)-正品低价、品质保障、配送及时、轻松购物！
2024-07-11 16:31:40,044 - 10172-MainThread - C:\Users\admin\Desktop\myGithub\Crawler\jd_seckill\jd_spider_requests.py[line:100] - INFO: 商品名称:京东(JD.COM)-正品低价、品质保障、配送及时、轻松购物！
2024-07-11 16:31:50,246 - 19660-MainThread - C:\Users\admin\Desktop\myGithub\Crawler\jd_seckill\jd_spider_requests.py[line:84] - INFO: 校验是否登录[成功]
2024-07-11 16:31:50,488 - 19660-MainThread - C:\Users\admin\Desktop\myGithub\Crawler\jd_seckill\jd_spider_requests.py[line:85] - INFO: 用户:None
2024-07-11 16:31:51,239 - 19660-MainThread - C:\Users\admin\Desktop\myGithub\Crawler\jd_seckill\jd_spider_requests.py[line:100] - INFO: 商品名称:京东(JD.COM)-正品低价、品质保障、配送及时、轻松购物！
2024-07-11 16:32:49,219 - 2880-MainThread - C:\Users\admin\Desktop\myGithub\Crawler\jd_seckill\jd_spider_requests.py[line:84] - INFO: 校验是否登录[成功]
2024-07-11 16:32:49,377 - 2880-MainThread - C:\Users\admin\Desktop\myGithub\Crawler\jd_seckill\jd_spider_requests.py[line:85] - INFO: 用户:None
2024-07-11 16:32:49,699 - 2880-MainThread - C:\Users\admin\Desktop\myGithub\Crawler\jd_seckill\jd_spider_requests.py[line:100] - INFO: 商品名称:【茅台白酒】茅台（MOUTAI）飞天 53%vol  500ml 贵州茅台酒（带杯）【行情 报价 价格 评测】-京东
2024-07-11 16:32:50,850 - 2880-MainThread - C:\Users\admin\Desktop\myGithub\Crawler\jd_seckill\jd_spider_requests.py[line:100] - INFO: 商品名称:【茅台白酒】茅台（MOUTAI）飞天 53%vol  500ml 贵州茅台酒（带杯）【行情 报价 价格 评测】-京东
